<?xml version="1.0" encoding="UTF-8"?>
<testsuite xmlns:xsi="http://www.w3.org/2001/XMLSchema-instance" xsi:noNamespaceSchemaLocation="https://maven.apache.org/surefire/maven-surefire-plugin/xsd/surefire-test-report-3.0.xsd" version="3.0" name="ca.edeveloper.jayfinance.utility.jftextparser.usecases.ParseTextForFieldsUseCaseOneByOneStrategyTest" time="0.425" tests="1" errors="0" skipped="0" failures="0">
  <properties>
[...]
</properties>
  <testcase name="testHappyPathUseCase" classname="ca.edeveloper.jayfinance.utility.jftextparser.usecases.ParseTextForFieldsUseCaseOneByOneStrategyTest" time="0.402">
    <system-out><![CDATA[result size: 12
key: gross_transaction_amount
value: FieldMatcherItemResult{field=null, isFound=false, hasError=false, errorMessage='null'}
key: trade_number
value: FieldMatcherItemResult{field=null, isFound=false, hasError=false, errorMessage='null'}
key: ticker_symbol
value: FieldMatcherItemResult{field=null, isFound=false, hasError=false, errorMessage='null'}
key: quantity
value: FieldMatcherItemResult{field=null, isFound=false, hasError=false, errorMessage='null'}
key: processed_date
value: FieldMatcherItemResult{field=null, isFound=false, hasError=false, errorMessage='null'}
key: cusip_id
value: FieldMatcherItemResult{field=null, isFound=false, hasError=false, errorMessage='null'}
key: trade_processed_by
value: FieldMatcherItemResult{field=null, isFound=false, hasError=false, errorMessage='null'}
key: security_number
value: FieldMatcherItemResult{field=null, isFound=false, hasError=false, errorMessage='null'}
key: security_description
value: FieldMatcherItemResult{field=null, isFound=false, hasError=false, errorMessage='null'}
key: price
value: FieldMatcherItemResult{field=null, isFound=false, hasError=false, errorMessage='null'}
key: net_transaction_amount
value: FieldMatcherItemResult{field=null, isFound=false, hasError=false, errorMessage='null'}
key: transaction_type
value: FieldMatcherItemResult{field=null, isFound=false, hasError=false, errorMessage='null'}
]]></system-out>
  </testcase>
</testsuite>